app/build/outputs/logs/manifest-merger-debug-report.txt
-- Merging decision tree log ---
manifest
ADDED from src\main\AndroidManifest.xml:2:1-58:12
	package
		ADDED from src\main\AndroidManifest.xml:3:5-49
		INJECTED from src\main\AndroidManifest.xml
		INJECTED from src\main\AndroidManifest.xml
	android:versionName
		INJECTED from src\main\AndroidManifest.xml
		INJECTED from src\main\AndroidManifest.xml
	xmlns:android
		ADDED from src\main\AndroidManifest.xml:2:11-69
	android:versionCode
		INJECTED from src\main\AndroidManifest.xml
		INJECTED from src\main\AndroidManifest.xml
uses-permission#android.permission.INTERNET
ADDED from src\main\AndroidManifest.xml:5:5-67
	android:name
		ADDED from src\main\AndroidManifest.xml:5:22-64
uses-feature#android.hardware.camera2
ADDED from src\main\AndroidManifest.xml:6:5-84
	android:required
		ADDED from src\main\AndroidManifest.xml:6:59-82
	android:name
		ADDED from src\main\AndroidManifest.xml:6:19-58
uses-permission#android.permission.CAMERA
ADDED from src\main\AndroidManifest.xml:7:5-64
	android:name
		ADDED from src\main\AndroidManifest.xml:7:22-62
uses-permission#android.permission.WRITE_EXTERNAL_STORAGE
ADDED from src\main\AndroidManifest.xml:8:5-80
	android:name
		ADDED from src\main\AndroidManifest.xml:8:22-78
application
ADDED from src\main\AndroidManifest.xml:10:5-56:19
MERGED from [com.android.support:design:24.0.0-alpha1] AndroidManifest.xml:22:5-20
MERGED from [com.android.support:appcompat-v7:24.0.0-alpha1] AndroidManifest.xml:25:5-20
MERGED from [com.android.support:animated-vector-drawable:24.0.0-alpha1] AndroidManifest.xml:22:5-20
MERGED from [com.android.support:support-vector-drawable:24.0.0-alpha1] AndroidManifest.xml:23:5-20
MERGED from [com.android.support:support-v13:24.0.0-alpha1] AndroidManifest.xml:22:5-20
MERGED from [com.android.support:cardview-v7:22.0.0] AndroidManifest.xml:22:5-20
MERGED from [com.prolificinteractive:material-calendarview:1.2.0] AndroidManifest.xml:12:5-20
MERGED from [com.android.support:support-v4:24.0.0-alpha1] AndroidManifest.xml:22:5-20
	android:label
		ADDED from src\main\AndroidManifest.xml:13:9-41
	android:supportsRtl
		ADDED from src\main\AndroidManifest.xml:14:9-35
	android:allowBackup
		ADDED from src\main\AndroidManifest.xml:11:9-35
	android:icon
		ADDED from src\main\AndroidManifest.xml:12:9-40
	android:theme
		ADDED from src\main\AndroidManifest.xml:15:9-40
activity#com.example.lehoanghan.appcalendar.LoginActivity
ADDED from src\main\AndroidManifest.xml:16:9-24:20
	android:windowSoftInputMode
		ADDED from src\main\AndroidManifest.xml:19:13-67
	android:theme
		ADDED from src\main\AndroidManifest.xml:18:13-44
	android:name
		ADDED from src\main\AndroidManifest.xml:17:13-42
intent-filter#android.intent.action.MAIN+android.intent.category.LAUNCHER
ADDED from src\main\AndroidManifest.xml:20:13-23:29
action#android.intent.action.MAIN
ADDED from src\main\AndroidManifest.xml:21:17-69
	android:name
		ADDED from src\main\AndroidManifest.xml:21:25-66
category#android.intent.category.LAUNCHER
ADDED from src\main\AndroidManifest.xml:22:17-77
	android:name
		ADDED from src\main\AndroidManifest.xml:22:27-74
activity#com.example.lehoanghan.appcalendar.RegisterActivity
ADDED from src\main\AndroidManifest.xml:25:9-28:20
	android:theme
		ADDED from src\main\AndroidManifest.xml:27:13-44
	android:name
		ADDED from src\main\AndroidManifest.xml:26:13-45
activity#com.example.lehoanghan.choosemenu.Menu_Choose
ADDED from src\main\AndroidManifest.xml:29:9-32:20
	android:theme
		ADDED from src\main\AndroidManifest.xml:31:13-44
	android:name
		ADDED from src\main\AndroidManifest.xml:30:13-73
activity#com.example.lehoanghan.addevent.AddEventActivity
ADDED from src\main\AndroidManifest.xml:33:9-36:20
	android:theme
		ADDED from src\main\AndroidManifest.xml:35:13-44
	android:name
		ADDED from src\main\AndroidManifest.xml:34:13-76
activity#com.example.lehoanghan.myaccount.ChangeAccountActivity
ADDED from src\main\AndroidManifest.xml:37:9-40:20
	android:theme
		ADDED from src\main\AndroidManifest.xml:39:13-44
	android:name
		ADDED from src\main\AndroidManifest.xml:38:13-82
activity#com.example.lehoanghan.list_oldevent.MemoryEventActivity
ADDED from src\main\AndroidManifest.xml:41:9-44:20
	android:theme
		ADDED from src\main\AndroidManifest.xml:43:13-44
	android:name
		ADDED from src\main\AndroidManifest.xml:42:13-84
activity#com.example.lehoanghan.list_oldevent.CommentActivity
ADDED from src\main\AndroidManifest.xml:45:9-48:20
	android:theme
		ADDED from src\main\AndroidManifest.xml:47:13-44
	android:name
		ADDED from src\main\AndroidManifest.xml:46:13-80
activity#com.example.lehoanghan.list_oldevent.PictureActivity
ADDED from src\main\AndroidManifest.xml:49:9-50:46
	android:theme
		ADDED from src\main\AndroidManifest.xml:50:13-44
	android:name
		ADDED from src\main\AndroidManifest.xml:49:19-86
activity#com.example.lehoanghan.list_newevent.Dialog_Alarm
ADDED from src\main\AndroidManifest.xml:51:9-52:46
	android:theme
		ADDED from src\main\AndroidManifest.xml:52:13-44
	android:name
		ADDED from src\main\AndroidManifest.xml:51:19-83
receiver#com.example.lehoanghan.list_newevent.AlarmNotificationReceiver
ADDED from src\main\AndroidManifest.xml:53:9-98
	android:name
		ADDED from src\main\AndroidManifest.xml:53:19-96
service#com.example.lehoanghan.list_newevent.RingtonePlayingService
ADDED from src\main\AndroidManifest.xml:54:9-55:37
	android:enabled
		ADDED from src\main\AndroidManifest.xml:55:13-35
	android:name
		ADDED from src\main\AndroidManifest.xml:54:18-92
uses-sdk
INJECTED from src\main\AndroidManifest.xml reason: use-sdk injection requested
MERGED from [com.android.support:design:24.0.0-alpha1] AndroidManifest.xml:20:5-43
MERGED from [com.android.support:appcompat-v7:24.0.0-alpha1] AndroidManifest.xml:21:5-23:78
MERGED from [com.android.support:animated-vector-drawable:24.0.0-alpha1] AndroidManifest.xml:20:5-44
MERGED from [com.android.support:support-vector-drawable:24.0.0-alpha1] AndroidManifest.xml:21:5-43
MERGED from [com.android.support:support-v13:24.0.0-alpha1] AndroidManifest.xml:20:5-44
MERGED from [com.firebaseui:firebase-ui:0.3.1] AndroidManifest.xml:7:5-9:41
MERGED from [com.android.support:recyclerview-v7:24.0.0-alpha1] AndroidManifest.xml:20:5-43
MERGED from [com.android.support:cardview-v7:22.0.0] AndroidManifest.xml:20:5-43
MERGED from [com.prolificinteractive:material-calendarview:1.2.0] AndroidManifest.xml:8:5-10:41
MERGED from [com.rockerhieu.emojicon:library:1.3.3] AndroidManifest.xml:6:5-8:41
MERGED from [com.android.support:support-v4:24.0.0-alpha1] AndroidManifest.xml:20:5-43
	tools:overrideLibrary
		ADDED from [com.android.support:appcompat-v7:24.0.0-alpha1] AndroidManifest.xml:23:9-75
	android:targetSdkVersion
		INJECTED from src\main\AndroidManifest.xml
		INJECTED from src\main\AndroidManifest.xml
	android:minSdkVersion
		INJECTED from src\main\AndroidManifest.xml
		INJECTED from src\main\AndroidManifest.xml